<?xml version="1.0" encoding="UTF-8"?>
<!-- Generated by org.testng.reporters.JUnitXMLReporter -->
<testsuite ignored="0" hostname="DESKTOP-KQ02F1I" failures="0" tests="4" name="Test" time="97.13" errors="0" timestamp="2020-04-29T23:22:41 IST">
  <testcase classname="qaclickacademy.SeleniumTest" name="browserAutomation" time="55.446"/>
  <testcase classname="qaclickacademy.SeleniumTest" name="elementsUI" time="41.491"/>
  <testcase classname="qaclickacademy.RESTAPITest" name="deleteTwitter" time="0.0"/>
  <testcase classname="qaclickacademy.RESTAPITest" name="postJira" time="0.0"/>
</testsuite> <!-- Test -->
