<?xml version="1.0" encoding="UTF-8" ?>
<testsuite tests="6" failures="1" name="TestSuite" time="75.095" errors="0" skipped="0">
  <properties>
[...]
</properties>
  <testcase classname="qaclickacademy.AppiumTest" name="iOSApps" time="0.015"/>
  <testcase classname="qaclickacademy.AppiumTest" name="nativeAppAndroid" time="0"/>
  <testcase classname="qaclickacademy.RESTAPITest" name="deleteTwitter" time="0.001"/>
  <testcase classname="qaclickacademy.RESTAPITest" name="postJira" time="0.001"/>
  <testcase classname="qaclickacademy.SeleniumTest" name="browserAutomation" time="39.104"/>
  <testcase classname="qaclickacademy.SeleniumTest" name="elementsUI" time="35.974">
    <failure message="no such element: Unable to locate element: {&quot;method&quot;:&quot;css selector&quot;,&quot;selector&quot;:&quot;.NKcBbd&quot;}
  (Session info: chrome=81.0.4044.129)
For documentation on this error, please visit: https://selenium.dev/exceptions/#no_such_element
Build info: version: &apos;4.0.0-alpha-5&apos;, revision: &apos;b3a0d621cc&apos;
System info: host: &apos;DESKTOP-KQ02F1I&apos;, ip: &apos;192.168.29.145&apos;, os.name: &apos;Windows 10&apos;, os.arch: &apos;amd64&apos;, os.version: &apos;10.0&apos;, java.version: &apos;11.0.7&apos;
Driver info: org.openqa.selenium.chrome.ChromeDriver
Capabilities {acceptInsecureCerts: false, browserName: chrome, browserVersion: 81.0.4044.129, chrome: {chromedriverVersion: 80.0.3987.106 (f68069574609..., userDataDir: C:\Users\Sonia\AppData\Loca...}, goog:chromeOptions: {debuggerAddress: localhost:57347}, javascriptEnabled: true, networkConnectionEnabled: false, pageLoadStrategy: normal, platform: WINDOWS, platformName: WINDOWS, proxy: Proxy(), setWindowRect: true, strictFileInteractability: false, timeouts: {implicit: 0, pageLoad: 300000, script: 30000}, unhandledPromptBehavior: dismiss and notify}
Session ID: 83ade4bf58e75553a83634939db98c6d
*** Element info: {Using=class name, value=NKcBbd}" type="org.openqa.selenium.NoSuchElementException">org.openqa.selenium.NoSuchElementException: no such element: Unable to locate element: {&quot;method&quot;:&quot;css selector&quot;,&quot;selector&quot;:&quot;.NKcBbd&quot;}
  (Session info: chrome=81.0.4044.129)
For documentation on this error, please visit: https://selenium.dev/exceptions/#no_such_element
Build info: version: &apos;4.0.0-alpha-5&apos;, revision: &apos;b3a0d621cc&apos;
System info: host: &apos;DESKTOP-KQ02F1I&apos;, ip: &apos;192.168.29.145&apos;, os.name: &apos;Windows 10&apos;, os.arch: &apos;amd64&apos;, os.version: &apos;10.0&apos;, java.version: &apos;11.0.7&apos;
Driver info: org.openqa.selenium.chrome.ChromeDriver
Capabilities {acceptInsecureCerts: false, browserName: chrome, browserVersion: 81.0.4044.129, chrome: {chromedriverVersion: 80.0.3987.106 (f68069574609..., userDataDir: C:\Users\Sonia\AppData\Loca...}, goog:chromeOptions: {debuggerAddress: localhost:57347}, javascriptEnabled: true, networkConnectionEnabled: false, pageLoadStrategy: normal, platform: WINDOWS, platformName: WINDOWS, proxy: Proxy(), setWindowRect: true, strictFileInteractability: false, timeouts: {implicit: 0, pageLoad: 300000, script: 30000}, unhandledPromptBehavior: dismiss and notify}
Session ID: 83ade4bf58e75553a83634939db98c6d
*** Element info: {Using=class name, value=NKcBbd}
	at java.base/jdk.internal.reflect.NativeConstructorAccessorImpl.newInstance0(Native Method)
	at java.base/jdk.internal.reflect.NativeConstructorAccessorImpl.newInstance(NativeConstructorAccessorImpl.java:62)
	at java.base/jdk.internal.reflect.DelegatingConstructorAccessorImpl.newInstance(DelegatingConstructorAccessorImpl.java:45)
	at java.base/java.lang.reflect.Constructor.newInstance(Constructor.java:490)
	at org.openqa.selenium.remote.codec.w3c.W3CHttpResponseCodec.createException(W3CHttpResponseCodec.java:196)
	at org.openqa.selenium.remote.codec.w3c.W3CHttpResponseCodec.decode(W3CHttpResponseCodec.java:129)
	at org.openqa.selenium.remote.codec.w3c.W3CHttpResponseCodec.decode(W3CHttpResponseCodec.java:53)
	at org.openqa.selenium.remote.HttpCommandExecutor.execute(HttpCommandExecutor.java:161)
	at org.openqa.selenium.remote.service.DriverCommandExecutor.execute(DriverCommandExecutor.java:83)
	at org.openqa.selenium.remote.RemoteWebDriver.execute(RemoteWebDriver.java:582)
	at org.openqa.selenium.remote.RemoteWebDriver.findElement(RemoteWebDriver.java:333)
	at org.openqa.selenium.remote.RemoteWebDriver.findElementByClassName(RemoteWebDriver.java:431)
	at org.openqa.selenium.By$ByClassName.findElement(By.java:437)
	at org.openqa.selenium.remote.RemoteWebDriver.findElement(RemoteWebDriver.java:325)
	at qaclickacademy.SeleniumTest.elementsUI(SeleniumTest.java:28)
</failure>
    <system-out>elementsUI
</system-out>
    <system-err>Starting ChromeDriver 80.0.3987.106 (f68069574609230cf9b635cd784cfb1bf81bb53a-refs/branch-heads/3987@{#882}) on port 31750
Only local connections are allowed.
Please protect ports used by ChromeDriver and related test frameworks to prevent access by malicious code.
[1588278066.168][WARNING]: This version of ChromeDriver has not been tested with Chrome version 81.
[1588278068.191][WARNING]: Timed out connecting to Chrome, retrying...
May 01, 2020 1:51:18 AM org.openqa.selenium.remote.ProtocolHandshake createSession
INFO: Detected dialect: W3C
[1588278081.504][SEVERE]: Timed out receiving message from renderer: 0.100
[1588278084.656][SEVERE]: Timed out receiving message from renderer: 0.100
[1588278084.845][SEVERE]: Timed out receiving message from renderer: 0.100
[1588278084.948][SEVERE]: Timed out receiving message from renderer: 0.100
[1588278085.158][SEVERE]: Timed out receiving message from renderer: 0.100
[1588278085.260][SEVERE]: Timed out receiving message from renderer: 0.100
[1588278085.433][SEVERE]: Timed out receiving message from renderer: 0.100
[1588278085.537][SEVERE]: Timed out receiving message from renderer: 0.100
[1588278085.640][SEVERE]: Timed out receiving message from renderer: 0.100
[1588278085.742][SEVERE]: Timed out receiving message from renderer: 0.100
[1588278085.846][SEVERE]: Timed out receiving message from renderer: 0.100
[1588278085.949][SEVERE]: Timed out receiving message from renderer: 0.100
[1588278086.052][SEVERE]: Timed out receiving message from renderer: 0.100
[1588278086.155][SEVERE]: Timed out receiving message from renderer: 0.100
[1588278086.257][SEVERE]: Timed out receiving message from renderer: 0.100
[1588278086.358][SEVERE]: Timed out receiving message from renderer: 0.100
[1588278086.492][SEVERE]: Timed out receiving message from renderer: 0.100
[1588278086.623][SEVERE]: Timed out receiving message from renderer: 0.100
[1588278086.960][SEVERE]: Timed out receiving message from renderer: 0.100
[1588278087.064][SEVERE]: Timed out receiving message from renderer: 0.100
[1588278087.167][SEVERE]: Timed out receiving message from renderer: 0.100
[1588278087.270][SEVERE]: Timed out receiving message from renderer: 0.100
[1588278087.376][SEVERE]: Timed out receiving message from renderer: 0.100
[1588278087.477][SEVERE]: Timed out receiving message from renderer: 0.100
[1588278087.581][SEVERE]: Timed out receiving message from renderer: 0.100
[1588278087.741][SEVERE]: Timed out receiving message from renderer: 0.100
[1588278087.842][SEVERE]: Timed out receiving message from renderer: 0.100
</system-err>
  </testcase>
</testsuite>